<?xml version="1.0" encoding="UTF-8"?>
<testng-results skipped="0" failed="0" ignored="0" total="4" passed="4">
  <reporter-output>
  </reporter-output>
  <suite name="Loginsuite" duration-ms="52885" started-at="2020-09-19T14:01:44 IST" finished-at="2020-09-19T14:02:37 IST">
    <groups>
    </groups>
    <test name="Login test case with xml" duration-ms="52885" started-at="2020-09-19T14:01:44 IST" finished-at="2020-09-19T14:02:37 IST">
      <class name="demo.java.datadriven.xml.InvalidPassword">
        <test-method status="PASS" signature="loginwithInvalidPassword()[pri:0, instance:demo.java.datadriven.xml.InvalidPassword@5b87ed94]" name="loginwithInvalidPassword" duration-ms="10128" started-at="2020-09-19T14:01:57 IST" finished-at="2020-09-19T14:02:08 IST">
          <reporter-output>
          </reporter-output>
        </test-method> <!-- loginwithInvalidPassword -->
      </class> <!-- demo.java.datadriven.xml.InvalidPassword -->
      <class name="demo.java.datadriven.xml.Login">
        <test-method status="PASS" signature="loginwithBothCorrect()[pri:0, instance:demo.java.datadriven.xml.Login@5bc79255]" name="loginwithBothCorrect" duration-ms="16972" started-at="2020-09-19T14:02:20 IST" finished-at="2020-09-19T14:02:37 IST">
          <reporter-output>
          </reporter-output>
        </test-method> <!-- loginwithBothCorrect -->
      </class> <!-- demo.java.datadriven.xml.Login -->
      <class name="demo.java.datadriven.xml.Bothinvalid">
        <test-method status="PASS" signature="loginwithInvalidcredentials()[pri:0, instance:demo.java.datadriven.xml.Bothinvalid@7fac631b]" name="loginwithInvalidcredentials" duration-ms="13367" started-at="2020-09-19T14:01:44 IST" finished-at="2020-09-19T14:01:57 IST">
          <reporter-output>
          </reporter-output>
        </test-method> <!-- loginwithInvalidcredentials -->
      </class> <!-- demo.java.datadriven.xml.Bothinvalid -->
      <class name="demo.java.datadriven.xml.InvalidUsername">
        <test-method status="PASS" signature="loginwithInvalidUsername()[pri:0, instance:demo.java.datadriven.xml.InvalidUsername@6e0e048a]" name="loginwithInvalidUsername" duration-ms="12348" started-at="2020-09-19T14:02:08 IST" finished-at="2020-09-19T14:02:20 IST">
          <reporter-output>
          </reporter-output>
        </test-method> <!-- loginwithInvalidUsername -->
      </class> <!-- demo.java.datadriven.xml.InvalidUsername -->
    </test> <!-- Login test case with xml -->
  </suite> <!-- Loginsuite -->
</testng-results>
