<?xml version="1.0" encoding="UTF-8"?>
<!-- Generated by org.testng.reporters.JUnitXMLReporter -->
<testsuite hostname="THSLT10073" ignored="0" name="Login" tests="4" failures="0" timestamp="2020-09-19T22:27:31 IST" time="16.644" errors="0">
  <testcase name="loginwithcredentials" time="5.888" classname="demo.java.datadriven.JXL.Datadrivenwithxls"/>
  <testcase name="loginwithcredentials" time="1.302" classname="demo.java.datadriven.JXL.Datadrivenwithxls"/>
  <testcase name="loginwithcredentials" time="1.349" classname="demo.java.datadriven.JXL.Datadrivenwithxls"/>
  <testcase name="loginwithcredentials" time="1.354" classname="demo.java.datadriven.JXL.Datadrivenwithxls"/>
</testsuite> <!-- Login -->
