<?xml version="1.0" encoding="UTF-8"?>
<!-- Generated by org.testng.reporters.JUnitXMLReporter -->
<testsuite hostname="THSLT10073" ignored="0" name="Login test case with xml" tests="4" failures="0" timestamp="2020-09-19T14:02:37 IST" time="52.885" errors="0">
  <testcase name="loginwithInvalidcredentials" time="13.367" classname="demo.java.datadriven.xml.Bothinvalid"/>
  <testcase name="loginwithInvalidPassword" time="10.128" classname="demo.java.datadriven.xml.InvalidPassword"/>
  <testcase name="loginwithInvalidUsername" time="12.348" classname="demo.java.datadriven.xml.InvalidUsername"/>
  <testcase name="loginwithBothCorrect" time="16.972" classname="demo.java.datadriven.xml.Login"/>
</testsuite> <!-- Login test case with xml -->
