<?xml version="1.0" encoding="UTF-8"?>
<!-- Generated by org.testng.reporters.JUnitXMLReporter -->
<testsuite hostname="THSLT10073" ignored="0" name="Default test" tests="4" failures="0" timestamp="2020-09-19T12:33:22 IST" time="41.823" errors="0">
  <testcase name="loginwithInvalidUsername" time="10.841" classname="demo.java.datadriven.InvalidUsername"/>
  <testcase name="loginwithBothCorrect" time="12.568" classname="demo.java.datadriven.Logindemo"/>
  <testcase name="loginwithInvalidcredentials" time="9.198" classname="demo.java.datadriven.BothInvalid"/>
  <testcase name="loginwithInvalidPassword" time="9.135" classname="demo.java.datadriven.InvalidPassword"/>
</testsuite> <!-- Default test -->
